<?xml version="1.0" encoding="UTF-8" ?>
<testsuite tests="2" failures="1" name="bl.CurrencyConverterTest" time="0.043" errors="0" skipped="0">
  <properties>
[...]
</properties>
  <testcase classname="bl.CurrencyConverterTest" name="bl.CurrencyConverterTest.testConvert" time="0.042">
    <failure message="expected: &lt;1.6200000047683716&gt; but was: &lt;1.190000057220459&gt;" type="org.opentest4j.AssertionFailedError">org.opentest4j.AssertionFailedError: expected: &lt;1.6200000047683716&gt; but was: &lt;1.190000057220459&gt;
	at org.junit.jupiter.api.AssertionUtils.fail(AssertionUtils.java:55)
	at org.junit.jupiter.api.AssertionUtils.failNotEqual(AssertionUtils.java:62)
	at org.junit.jupiter.api.AssertEquals.assertEquals(AssertEquals.java:86)
	at org.junit.jupiter.api.AssertEquals.assertEquals(AssertEquals.java:81)
	at org.junit.jupiter.api.Assertions.assertEquals(Assertions.java:993)
	at bl.CurrencyConverterTest.testConvert(CurrencyConverterTest.java:51)
</failure>
    <system-out>convert
</system-out>
  </testcase>
  <testcase classname="bl.CurrencyConverterTest" name="bl.CurrencyConverterTest.testGetname" time="0.001"/>
</testsuite>